<!DOCTYPE html>
<html lang="en">
<head>
    <meta charset="UTF-8">
    <meta http-equiv="X-UA-Compatible" content="IE=edge">
    <meta name="viewport" content="width=device-width, initial-scale=1.0">
    <link
	rel="icon"
	href="https://files.nahcrof.com/file/crofai-black.png"
    />
    <title>404 Not Found</title>
    <style>
        body{
            background: black;
            color: white;
            font-family: 'DM Sans', -apple-system, BlinkMacSystemFont, sans-serif;
            -webkit-font-smoothing: antialiased;
        }

	a {
	    color: white;
	    text-decoration: underline;
	}

	a:hover{
	    text-decoration: none;
	}
    </style>
</head>

<body>
<pre>
██╗  ██╗ ██████╗ ██╗  ██╗
██║  ██║██╔═████╗██║  ██║
███████║██║██╔██║███████║
╚════██║████╔╝██║╚════██║
     ██║╚██████╔╝     ██║
     ╚═╝ ╚═════╝      ╚═╝
</pre>
    <h1>Whoops!</h1>
    <h3>We couldn't find that page, sorry about that!</h3>
    <a href="/">Home</a>
</body>

</html>